<?xml version="1.0" encoding="UTF-8"?>
<!-- Generated by org.testng.reporters.JUnitXMLReporter -->
<testsuite ignored="0" hostname="mukta" failures="2" tests="6" name="ChromeTest" time="24.512" errors="0" timestamp="2023-04-21T13:02:10 IST">
  <testcase classname="LivingLiquidztestNg.VerifyHomepageWebelements" name="@BeforeTest openBrowser" time="3.069">
    <failure type="org.openqa.selenium.WebDriverException" message="disconnected: not connected to DevTools
  (failed to check if window was closed: disconnected: not connected to DevTools)
  (Session info: MicrosoftEdge=112.0.1722.48)
Build info: version: &amp;apos;3.141.59&amp;apos;, revision: &amp;apos;e82be7d358&amp;apos;, time: &amp;apos;2018-11-14T08:17:03&amp;apos;
System info: host: &amp;apos;MUKTA&amp;apos;, ip: &amp;apos;192.168.1.2&amp;apos;, os.name: &amp;apos;Windows 11&amp;apos;, os.arch: &amp;apos;amd64&amp;apos;, os.version: &amp;apos;10.0&amp;apos;, java.version: &amp;apos;17.0.5&amp;apos;
Driver info: driver.version: EdgeDriver
remote stacktrace: Backtrace:
	Microsoft::Applications::Events::EventProperties::SetProperty [0x00007FF7609AA5B2+12658]
	Microsoft::Applications::Events::EventProperty::EventProperty [0x00007FF760942852+747634]
	(No symbol) [0x00007FF7605DDD2E]
	(No symbol) [0x00007FF7605C7C01]
	(No symbol) [0x00007FF7605C9001]
	(No symbol) [0x00007FF7605C8F30]
	(No symbol) [0x00007FF7605B6202]
	(No symbol) [0x00007FF7605B5D7A]
	(No symbol) [0x00007FF760647316]
	(No symbol) [0x00007FF76063F1C3]
	(No symbol) [0x00007FF7606117D6]
	(No symbol) [0x00007FF7606109B5]
	(No symbol) [0x00007FF760611F44]
	Microsoft::Applications::Events::EventProperties::SetProperty [0x00007FF760855520+147088]
	(No symbol) [0x00007FF7606F91B6]
	Microsoft::Applications::Events::EventProperty::EventProperty [0x00007FF760894487+33959]
	Microsoft::Applications::Events::EventProperty::EventProperty [0x00007FF760897F55+49013]
	Microsoft::Applications::Events::ILogManager::DispatchEventBroadcast [0x00007FF760B89923+1305299]
	Microsoft::Applications::Events::EventProperty::EventProperty [0x00007FF76094AE0C+781868]
	Microsoft::Applications::Events::EventProperty::EventProperty [0x00007FF760950334+803668]
	Microsoft::Applications::Events::EventProperty::EventProperty [0x00007FF76095048C+804012]
	Microsoft::Applications::Events::EventProperty::EventProperty [0x00007FF760958591+837041]
	BaseThreadInitThunk [0x00007FF8013D269D+29]
	RtlUserThreadStart [0x00007FF802A6A9F8+40]
">
      <![CDATA[org.openqa.selenium.WebDriverException: disconnected: not connected to DevTools
  (failed to check if window was closed: disconnected: not connected to DevTools)
  (Session info: MicrosoftEdge=112.0.1722.48)
Build info: version: '3.141.59', revision: 'e82be7d358', time: '2018-11-14T08:17:03'
System info: host: 'MUKTA', ip: '192.168.1.2', os.name: 'Windows 11', os.arch: 'amd64', os.version: '10.0', java.version: '17.0.5'
Driver info: driver.version: EdgeDriver
remote stacktrace: Backtrace:
Microsoft::Applications::Events::EventProperties::SetProperty [0x00007FF7609AA5B2+12658]
Microsoft::Applications::Events::EventProperty::EventProperty [0x00007FF760942852+747634]
(No symbol) [0x00007FF7605DDD2E]
(No symbol) [0x00007FF7605C7C01]
(No symbol) [0x00007FF7605C9001]
(No symbol) [0x00007FF7605C8F30]
(No symbol) [0x00007FF7605B6202]
(No symbol) [0x00007FF7605B5D7A]
(No symbol) [0x00007FF760647316]
(No symbol) [0x00007FF76063F1C3]
(No symbol) [0x00007FF7606117D6]
(No symbol) [0x00007FF7606109B5]
(No symbol) [0x00007FF760611F44]
Microsoft::Applications::Events::EventProperties::SetProperty [0x00007FF760855520+147088]
(No symbol) [0x00007FF7606F91B6]
Microsoft::Applications::Events::EventProperty::EventProperty [0x00007FF760894487+33959]
Microsoft::Applications::Events::EventProperty::EventProperty [0x00007FF760897F55+49013]
Microsoft::Applications::Events::ILogManager::DispatchEventBroadcast [0x00007FF760B89923+1305299]
Microsoft::Applications::Events::EventProperty::EventProperty [0x00007FF76094AE0C+781868]
Microsoft::Applications::Events::EventProperty::EventProperty [0x00007FF760950334+803668]
Microsoft::Applications::Events::EventProperty::EventProperty [0x00007FF76095048C+804012]
Microsoft::Applications::Events::EventProperty::EventProperty [0x00007FF760958591+837041]
BaseThreadInitThunk [0x00007FF8013D269D+29]
RtlUserThreadStart [0x00007FF802A6A9F8+40]

at org.openqa.selenium.remote.W3CHandshakeResponse.lambda$errorHandler$0(W3CHandshakeResponse.java:62)
at org.openqa.selenium.remote.HandshakeResponse.lambda$getResponseFunction$0(HandshakeResponse.java:30)
at org.openqa.selenium.remote.ProtocolHandshake.lambda$createSession$0(ProtocolHandshake.java:126)
at java.base/java.util.stream.ReferencePipeline$3$1.accept(ReferencePipeline.java:197)
at java.base/java.util.Spliterators$ArraySpliterator.tryAdvance(Spliterators.java:1002)
at java.base/java.util.stream.ReferencePipeline.forEachWithCancel(ReferencePipeline.java:129)
at java.base/java.util.stream.AbstractPipeline.copyIntoWithCancel(AbstractPipeline.java:527)
at java.base/java.util.stream.AbstractPipeline.copyInto(AbstractPipeline.java:513)
at java.base/java.util.stream.AbstractPipeline.wrapAndCopyInto(AbstractPipeline.java:499)
at java.base/java.util.stream.FindOps$FindOp.evaluateSequential(FindOps.java:150)
at java.base/java.util.stream.AbstractPipeline.evaluate(AbstractPipeline.java:234)
at java.base/java.util.stream.ReferencePipeline.findFirst(ReferencePipeline.java:647)
at org.openqa.selenium.remote.ProtocolHandshake.createSession(ProtocolHandshake.java:128)
at org.openqa.selenium.remote.ProtocolHandshake.createSession(ProtocolHandshake.java:74)
at org.openqa.selenium.remote.HttpCommandExecutor.execute(HttpCommandExecutor.java:136)
at org.openqa.selenium.remote.service.DriverCommandExecutor.execute(DriverCommandExecutor.java:83)
at org.openqa.selenium.remote.RemoteWebDriver.execute(RemoteWebDriver.java:552)
at org.openqa.selenium.remote.RemoteWebDriver.startSession(RemoteWebDriver.java:213)
at org.openqa.selenium.remote.RemoteWebDriver.<init>(RemoteWebDriver.java:131)
at org.openqa.selenium.edge.EdgeDriver.<init>(EdgeDriver.java:141)
at org.openqa.selenium.edge.EdgeDriver.<init>(EdgeDriver.java:96)
at browserSetUp.Base.openEdgeBrowser(Base.java:16)
at LivingLiquidztestNg.VerifyHomepageWebelements.openBrowser(VerifyHomepageWebelements.java:40)
at java.base/java.util.concurrent.FutureTask.run(FutureTask.java:264)
at java.base/java.util.concurrent.ThreadPoolExecutor.runWorker(ThreadPoolExecutor.java:1136)
at java.base/java.util.concurrent.ThreadPoolExecutor$Worker.run(ThreadPoolExecutor.java:635)
at java.base/java.lang.Thread.run(Thread.java:833)
... Removed 20 stack frames]]>
    </failure>
  </testcase> <!-- @BeforeTest openBrowser -->
  <testcase classname="LivingLiquidztestNg.VerifySearchbox" name="@BeforeTest openBrowser" time="-1.682062308856E9">
    <skipped/>
  </testcase> <!-- @BeforeTest openBrowser -->
  <testcase classname="LivingLiquidztestNg.VerifySignIn" name="@BeforeTest openBrowser" time="-1.682062308863E9">
    <skipped/>
  </testcase> <!-- @BeforeTest openBrowser -->
  <testcase classname="LivingLiquidztestNg.VerifySignIn" name="@BeforeClass pomPageLaunch" time="-1.682062308887E9">
    <skipped/>
  </testcase> <!-- @BeforeClass pomPageLaunch -->
  <testcase classname="LivingLiquidztestNg.VerifyHomepageWebelements" name="@BeforeClass pomPageLaunch" time="-1.682062308888E9">
    <skipped/>
  </testcase> <!-- @BeforeClass pomPageLaunch -->
  <testcase classname="LivingLiquidztestNg.VerifySignIn" name="@BeforeMethod signInapp" time="-1.6820623089E9">
    <skipped/>
  </testcase> <!-- @BeforeMethod signInapp -->
  <testcase classname="LivingLiquidztestNg.VerifySignIn" name="@AfterMethod backTomainPage" time="-1.682062308903E9">
    <skipped/>
  </testcase> <!-- @AfterMethod backTomainPage -->
  <testcase classname="LivingLiquidztestNg.VerifyHomepageWebelements" name="@AfterMethod captureScreenshotinFailure" time="-1.682062308905E9">
    <skipped/>
  </testcase> <!-- @AfterMethod captureScreenshotinFailure -->
  <testcase classname="LivingLiquidztestNg.VerifySignIn" name="@BeforeMethod signInapp" time="-1.682062308916E9">
    <skipped/>
  </testcase> <!-- @BeforeMethod signInapp -->
  <testcase classname="LivingLiquidztestNg.VerifyHomepageWebelements" name="@AfterMethod captureScreenshotinFailure" time="-1.682062308924E9">
    <skipped/>
  </testcase> <!-- @AfterMethod captureScreenshotinFailure -->
  <testcase classname="LivingLiquidztestNg.VerifySignIn" name="@AfterMethod backTomainPage" time="-1.682062308923E9">
    <skipped/>
  </testcase> <!-- @AfterMethod backTomainPage -->
  <testcase classname="LivingLiquidztestNg.VerifySignIn" name="@AfterClass objectClear" time="-1.682062308934E9">
    <skipped/>
  </testcase> <!-- @AfterClass objectClear -->
  <testcase classname="LivingLiquidztestNg.VerifyHomepageWebelements" name="@AfterMethod captureScreenshotinFailure" time="-1.682062308936E9">
    <skipped/>
  </testcase> <!-- @AfterMethod captureScreenshotinFailure -->
  <testcase classname="LivingLiquidztestNg.VerifySearchbox" name="@BeforeClass pomPageLaunch" time="-1.682062308939E9">
    <skipped/>
  </testcase> <!-- @BeforeClass pomPageLaunch -->
  <testcase classname="LivingLiquidztestNg.VerifyHomepageWebelements" name="@AfterClass objectClear" time="-1.682062308938E9">
    <skipped/>
  </testcase> <!-- @AfterClass objectClear -->
  <testcase classname="LivingLiquidztestNg.VerifySearchbox" name="@AfterMethod captureScreenshotinFailure" time="-1.682062308949E9">
    <skipped/>
  </testcase> <!-- @AfterMethod captureScreenshotinFailure -->
  <testcase classname="LivingLiquidztestNg.VerifySearchbox" name="@AfterClass objectClear" time="-1.682062308951E9">
    <skipped/>
  </testcase> <!-- @AfterClass objectClear -->
  <testcase classname="LivingLiquidztestNg.VerifyHomepageWebelements" name="@AfterTest closeBrowser" time="-1.682062308957E9">
    <skipped/>
  </testcase> <!-- @AfterTest closeBrowser -->
  <testcase classname="LivingLiquidztestNg.VerifySearchbox" name="@AfterTest closeBrowser" time="-1.682062308962E9">
    <skipped/>
  </testcase> <!-- @AfterTest closeBrowser -->
  <testcase classname="LivingLiquidztestNg.VerifySignIn" name="@AfterTest closeBrowser" time="-1.682062308964E9">
    <skipped/>
  </testcase> <!-- @AfterTest closeBrowser -->
  <testcase classname="LivingLiquidztestNg.VerifySignIn" name="@AfterMethod backTomainPage" time="0.01">
    <failure type="org.openqa.selenium.NoSuchWindowException" message="no such window: target window already closed
from unknown error: web view not found
  (Session info: chrome=112.0.5615.137)
Build info: version: &amp;apos;3.141.59&amp;apos;, revision: &amp;apos;e82be7d358&amp;apos;, time: &amp;apos;2018-11-14T08:17:03&amp;apos;
System info: host: &amp;apos;MUKTA&amp;apos;, ip: &amp;apos;192.168.1.2&amp;apos;, os.name: &amp;apos;Windows 11&amp;apos;, os.arch: &amp;apos;amd64&amp;apos;, os.version: &amp;apos;10.0&amp;apos;, java.version: &amp;apos;17.0.5&amp;apos;
Driver info: org.openqa.selenium.chrome.ChromeDriver
Capabilities {acceptInsecureCerts: false, browserName: chrome, browserVersion: 112.0.5615.137, chrome: {chromedriverVersion: 111.0.5563.64 (c710e93d5b63..., userDataDir: C:\Users\MUKTA\AppData\Loca...}, goog:chromeOptions: {debuggerAddress: localhost:62622}, javascriptEnabled: true, networkConnectionEnabled: false, pageLoadStrategy: normal, platform: WINDOWS, platformName: WINDOWS, proxy: Proxy(), setWindowRect: true, strictFileInteractability: false, timeouts: {implicit: 0, pageLoad: 300000, script: 30000}, unhandledPromptBehavior: dismiss and notify, webauthn:extension:credBlob: true, webauthn:extension:largeBlob: true, webauthn:extension:minPinLength: true, webauthn:extension:prf: true, webauthn:virtualAuthenticators: true}
Session ID: 6971a6773a39e387c95ec3e67bac2541">
      <![CDATA[org.openqa.selenium.NoSuchWindowException: no such window: target window already closed
from unknown error: web view not found
  (Session info: chrome=112.0.5615.137)
Build info: version: '3.141.59', revision: 'e82be7d358', time: '2018-11-14T08:17:03'
System info: host: 'MUKTA', ip: '192.168.1.2', os.name: 'Windows 11', os.arch: 'amd64', os.version: '10.0', java.version: '17.0.5'
Driver info: org.openqa.selenium.chrome.ChromeDriver
Capabilities {acceptInsecureCerts: false, browserName: chrome, browserVersion: 112.0.5615.137, chrome: {chromedriverVersion: 111.0.5563.64 (c710e93d5b63..., userDataDir: C:\Users\MUKTA\AppData\Loca...}, goog:chromeOptions: {debuggerAddress: localhost:62622}, javascriptEnabled: true, networkConnectionEnabled: false, pageLoadStrategy: normal, platform: WINDOWS, platformName: WINDOWS, proxy: Proxy(), setWindowRect: true, strictFileInteractability: false, timeouts: {implicit: 0, pageLoad: 300000, script: 30000}, unhandledPromptBehavior: dismiss and notify, webauthn:extension:credBlob: true, webauthn:extension:largeBlob: true, webauthn:extension:minPinLength: true, webauthn:extension:prf: true, webauthn:virtualAuthenticators: true}
Session ID: 6971a6773a39e387c95ec3e67bac2541
at org.openqa.selenium.remote.http.W3CHttpResponseCodec.createException(W3CHttpResponseCodec.java:187)
at org.openqa.selenium.remote.http.W3CHttpResponseCodec.decode(W3CHttpResponseCodec.java:122)
at org.openqa.selenium.remote.http.W3CHttpResponseCodec.decode(W3CHttpResponseCodec.java:49)
at org.openqa.selenium.remote.HttpCommandExecutor.execute(HttpCommandExecutor.java:158)
at org.openqa.selenium.remote.service.DriverCommandExecutor.execute(DriverCommandExecutor.java:83)
at org.openqa.selenium.remote.RemoteWebDriver.execute(RemoteWebDriver.java:552)
at org.openqa.selenium.remote.RemoteWebDriver.execute(RemoteWebDriver.java:609)
at org.openqa.selenium.remote.RemoteWebDriver.getScreenshotAs(RemoteWebDriver.java:295)
at utils.Utility.captureScreenshot(Utility.java:27)
at LivingLiquidztestNg.VerifySignIn.backTomainPage(VerifySignIn.java:96)
at java.base/java.util.concurrent.ThreadPoolExecutor.runWorker(ThreadPoolExecutor.java:1136)
at java.base/java.util.concurrent.ThreadPoolExecutor$Worker.run(ThreadPoolExecutor.java:635)
at java.base/java.lang.Thread.run(Thread.java:833)
... Removed 22 stack frames]]>
    </failure>
  </testcase> <!-- @AfterMethod backTomainPage -->
  <testcase classname="LivingLiquidztestNg.VerifySignIn" name="@AfterClass objectClear" time="-1.682062329591E9">
    <skipped/>
  </testcase> <!-- @AfterClass objectClear -->
  <testcase classname="LivingLiquidztestNg.VerifySignIn" name="@AfterTest closeBrowser" time="0.004">
    <failure type="org.openqa.selenium.WebDriverException" message="disconnected: not connected to DevTools
  (failed to check if window was closed: disconnected: not connected to DevTools)
  (Session info: chrome=112.0.5615.137)
Build info: version: &amp;apos;3.141.59&amp;apos;, revision: &amp;apos;e82be7d358&amp;apos;, time: &amp;apos;2018-11-14T08:17:03&amp;apos;
System info: host: &amp;apos;MUKTA&amp;apos;, ip: &amp;apos;192.168.1.2&amp;apos;, os.name: &amp;apos;Windows 11&amp;apos;, os.arch: &amp;apos;amd64&amp;apos;, os.version: &amp;apos;10.0&amp;apos;, java.version: &amp;apos;17.0.5&amp;apos;
Driver info: org.openqa.selenium.chrome.ChromeDriver
Capabilities {acceptInsecureCerts: false, browserName: chrome, browserVersion: 112.0.5615.137, chrome: {chromedriverVersion: 111.0.5563.64 (c710e93d5b63..., userDataDir: C:\Users\MUKTA\AppData\Loca...}, goog:chromeOptions: {debuggerAddress: localhost:62622}, javascriptEnabled: true, networkConnectionEnabled: false, pageLoadStrategy: normal, platform: WINDOWS, platformName: WINDOWS, proxy: Proxy(), setWindowRect: true, strictFileInteractability: false, timeouts: {implicit: 0, pageLoad: 300000, script: 30000}, unhandledPromptBehavior: dismiss and notify, webauthn:extension:credBlob: true, webauthn:extension:largeBlob: true, webauthn:extension:minPinLength: true, webauthn:extension:prf: true, webauthn:virtualAuthenticators: true}
Session ID: 6971a6773a39e387c95ec3e67bac2541">
      <![CDATA[org.openqa.selenium.WebDriverException: disconnected: not connected to DevTools
  (failed to check if window was closed: disconnected: not connected to DevTools)
  (Session info: chrome=112.0.5615.137)
Build info: version: '3.141.59', revision: 'e82be7d358', time: '2018-11-14T08:17:03'
System info: host: 'MUKTA', ip: '192.168.1.2', os.name: 'Windows 11', os.arch: 'amd64', os.version: '10.0', java.version: '17.0.5'
Driver info: org.openqa.selenium.chrome.ChromeDriver
Capabilities {acceptInsecureCerts: false, browserName: chrome, browserVersion: 112.0.5615.137, chrome: {chromedriverVersion: 111.0.5563.64 (c710e93d5b63..., userDataDir: C:\Users\MUKTA\AppData\Loca...}, goog:chromeOptions: {debuggerAddress: localhost:62622}, javascriptEnabled: true, networkConnectionEnabled: false, pageLoadStrategy: normal, platform: WINDOWS, platformName: WINDOWS, proxy: Proxy(), setWindowRect: true, strictFileInteractability: false, timeouts: {implicit: 0, pageLoad: 300000, script: 30000}, unhandledPromptBehavior: dismiss and notify, webauthn:extension:credBlob: true, webauthn:extension:largeBlob: true, webauthn:extension:minPinLength: true, webauthn:extension:prf: true, webauthn:virtualAuthenticators: true}
Session ID: 6971a6773a39e387c95ec3e67bac2541
at org.openqa.selenium.remote.http.W3CHttpResponseCodec.createException(W3CHttpResponseCodec.java:187)
at org.openqa.selenium.remote.http.W3CHttpResponseCodec.decode(W3CHttpResponseCodec.java:122)
at org.openqa.selenium.remote.http.W3CHttpResponseCodec.decode(W3CHttpResponseCodec.java:49)
at org.openqa.selenium.remote.HttpCommandExecutor.execute(HttpCommandExecutor.java:158)
at org.openqa.selenium.remote.service.DriverCommandExecutor.execute(DriverCommandExecutor.java:83)
at org.openqa.selenium.remote.RemoteWebDriver.execute(RemoteWebDriver.java:552)
at org.openqa.selenium.remote.RemoteWebDriver.execute(RemoteWebDriver.java:609)
at org.openqa.selenium.remote.RemoteWebDriver.close(RemoteWebDriver.java:442)
at LivingLiquidztestNg.VerifySignIn.closeBrowser(VerifySignIn.java:109)
at java.base/java.util.concurrent.FutureTask.run(FutureTask.java:264)
at java.base/java.util.concurrent.ThreadPoolExecutor.runWorker(ThreadPoolExecutor.java:1136)
at java.base/java.util.concurrent.ThreadPoolExecutor$Worker.run(ThreadPoolExecutor.java:635)
at java.base/java.lang.Thread.run(Thread.java:833)
... Removed 20 stack frames]]>
    </failure>
  </testcase> <!-- @AfterTest closeBrowser -->
  <testcase classname="LivingLiquidztestNg.VerifyHomepageWebelements" name="VerifySignIntext" time="0.164"/>
  <testcase classname="LivingLiquidztestNg.VerifyHomepageWebelements" name="verifyGiftingtext" time="0.082"/>
  <testcase classname="LivingLiquidztestNg.VerifyHomepageWebelements" name="verifyStoreLocatortext" time="0.149">
    <failure type="java.lang.AssertionError" message="The following asserts failed:
	null">
      <![CDATA[java.lang.AssertionError: The following asserts failed:
null
at LivingLiquidztestNg.VerifyHomepageWebelements.verifyStoreLocatortext(VerifyHomepageWebelements.java:76)
at java.base/java.util.concurrent.ThreadPoolExecutor.runWorker(ThreadPoolExecutor.java:1136)
at java.base/java.util.concurrent.ThreadPoolExecutor$Worker.run(ThreadPoolExecutor.java:635)
at java.base/java.lang.Thread.run(Thread.java:833)
... Removed 14 stack frames]]>
    </failure>
  </testcase> <!-- verifyStoreLocatortext -->
  <testcase classname="LivingLiquidztestNg.VerifySignIn" name="verifySignInTitlePage" time="0.842"/>
  <testcase classname="LivingLiquidztestNg.VerifySearchbox" name="verifySearch" time="4.552"/>
  <testcase classname="LivingLiquidztestNg.VerifySignIn" name="verifySigninError" time="8.549">
    <failure type="org.openqa.selenium.NoSuchWindowException" message="no such window: target window already closed
from unknown error: web view not found
  (Session info: chrome=112.0.5615.137)
Build info: version: &amp;apos;3.141.59&amp;apos;, revision: &amp;apos;e82be7d358&amp;apos;, time: &amp;apos;2018-11-14T08:17:03&amp;apos;
System info: host: &amp;apos;MUKTA&amp;apos;, ip: &amp;apos;192.168.1.2&amp;apos;, os.name: &amp;apos;Windows 11&amp;apos;, os.arch: &amp;apos;amd64&amp;apos;, os.version: &amp;apos;10.0&amp;apos;, java.version: &amp;apos;17.0.5&amp;apos;
Driver info: org.openqa.selenium.chrome.ChromeDriver
Capabilities {acceptInsecureCerts: false, browserName: chrome, browserVersion: 112.0.5615.137, chrome: {chromedriverVersion: 111.0.5563.64 (c710e93d5b63..., userDataDir: C:\Users\MUKTA\AppData\Loca...}, goog:chromeOptions: {debuggerAddress: localhost:62622}, javascriptEnabled: true, networkConnectionEnabled: false, pageLoadStrategy: normal, platform: WINDOWS, platformName: WINDOWS, proxy: Proxy(), setWindowRect: true, strictFileInteractability: false, timeouts: {implicit: 0, pageLoad: 300000, script: 30000}, unhandledPromptBehavior: dismiss and notify, webauthn:extension:credBlob: true, webauthn:extension:largeBlob: true, webauthn:extension:minPinLength: true, webauthn:extension:prf: true, webauthn:virtualAuthenticators: true}
Session ID: 6971a6773a39e387c95ec3e67bac2541
*** Element info: {Using=xpath, value=(//button[@id=&amp;quot;wbr-btn-send-otp&amp;quot;])[2]}">
      <![CDATA[org.openqa.selenium.NoSuchWindowException: no such window: target window already closed
from unknown error: web view not found
  (Session info: chrome=112.0.5615.137)
Build info: version: '3.141.59', revision: 'e82be7d358', time: '2018-11-14T08:17:03'
System info: host: 'MUKTA', ip: '192.168.1.2', os.name: 'Windows 11', os.arch: 'amd64', os.version: '10.0', java.version: '17.0.5'
Driver info: org.openqa.selenium.chrome.ChromeDriver
Capabilities {acceptInsecureCerts: false, browserName: chrome, browserVersion: 112.0.5615.137, chrome: {chromedriverVersion: 111.0.5563.64 (c710e93d5b63..., userDataDir: C:\Users\MUKTA\AppData\Loca...}, goog:chromeOptions: {debuggerAddress: localhost:62622}, javascriptEnabled: true, networkConnectionEnabled: false, pageLoadStrategy: normal, platform: WINDOWS, platformName: WINDOWS, proxy: Proxy(), setWindowRect: true, strictFileInteractability: false, timeouts: {implicit: 0, pageLoad: 300000, script: 30000}, unhandledPromptBehavior: dismiss and notify, webauthn:extension:credBlob: true, webauthn:extension:largeBlob: true, webauthn:extension:minPinLength: true, webauthn:extension:prf: true, webauthn:virtualAuthenticators: true}
Session ID: 6971a6773a39e387c95ec3e67bac2541
*** Element info: {Using=xpath, value=(//button[@id="wbr-btn-send-otp"])[2]}
at org.openqa.selenium.remote.http.W3CHttpResponseCodec.createException(W3CHttpResponseCodec.java:187)
at org.openqa.selenium.remote.http.W3CHttpResponseCodec.decode(W3CHttpResponseCodec.java:122)
at org.openqa.selenium.remote.http.W3CHttpResponseCodec.decode(W3CHttpResponseCodec.java:49)
at org.openqa.selenium.remote.HttpCommandExecutor.execute(HttpCommandExecutor.java:158)
at org.openqa.selenium.remote.service.DriverCommandExecutor.execute(DriverCommandExecutor.java:83)
at org.openqa.selenium.remote.RemoteWebDriver.execute(RemoteWebDriver.java:552)
at org.openqa.selenium.remote.RemoteWebDriver.findElement(RemoteWebDriver.java:323)
at org.openqa.selenium.remote.RemoteWebDriver.findElementByXPath(RemoteWebDriver.java:428)
at org.openqa.selenium.By$ByXPath.findElement(By.java:353)
at org.openqa.selenium.remote.RemoteWebDriver.findElement(RemoteWebDriver.java:315)
at org.openqa.selenium.support.pagefactory.DefaultElementLocator.findElement(DefaultElementLocator.java:69)
at org.openqa.selenium.support.pagefactory.internal.LocatingElementHandler.invoke(LocatingElementHandler.java:38)
at jdk.proxy2/jdk.proxy2.$Proxy17.click(Unknown Source)
at pages.LogInPage.clickOnProceed(LogInPage.java:38)
at LivingLiquidztestNg.VerifySignIn.verifySigninError(VerifySignIn.java:86)
at java.base/java.util.concurrent.ThreadPoolExecutor.runWorker(ThreadPoolExecutor.java:1136)
at java.base/java.util.concurrent.ThreadPoolExecutor$Worker.run(ThreadPoolExecutor.java:635)
at java.base/java.lang.Thread.run(Thread.java:833)
... Removed 17 stack frames]]>
    </failure>
  </testcase> <!-- verifySigninError -->
</testsuite> <!-- ChromeTest -->
