<?xml version="1.0" encoding="UTF-8"?>
<!-- Generated by org.testng.reporters.JUnitXMLReporter -->
<testsuite ignored="0" hostname="mukta" failures="0" tests="6" name="EdgeTest" time="8.905" errors="0" timestamp="2023-04-12T21:30:37 IST">
  <testcase classname="LivingLiquidztestNg.VerifyHomepageWebelements" name="@BeforeTest openBrowser" time="8.282">
    <failure type="org.openqa.selenium.WebDriverException" message="disconnected: not connected to DevTools
  (failed to check if window was closed: disconnected: not connected to DevTools)
  (Session info: MicrosoftEdge=112.0.1722.39)
Build info: version: &amp;apos;3.141.59&amp;apos;, revision: &amp;apos;e82be7d358&amp;apos;, time: &amp;apos;2018-11-14T08:17:03&amp;apos;
System info: host: &amp;apos;MUKTA&amp;apos;, ip: &amp;apos;192.168.1.2&amp;apos;, os.name: &amp;apos;Windows 11&amp;apos;, os.arch: &amp;apos;amd64&amp;apos;, os.version: &amp;apos;10.0&amp;apos;, java.version: &amp;apos;17.0.5&amp;apos;
Driver info: driver.version: EdgeDriver
remote stacktrace: Backtrace:
	Microsoft::Applications::Events::EventProperties::SetProperty [0x00007FF68E16A5B2+12658]
	Microsoft::Applications::Events::EventProperty::EventProperty [0x00007FF68E102852+747634]
	(No symbol) [0x00007FF68DD9DD2E]
	(No symbol) [0x00007FF68DD87C01]
	(No symbol) [0x00007FF68DD89001]
	(No symbol) [0x00007FF68DD88F30]
	(No symbol) [0x00007FF68DD76202]
	(No symbol) [0x00007FF68DD75D7A]
	(No symbol) [0x00007FF68DE07316]
	(No symbol) [0x00007FF68DDFF1C3]
	(No symbol) [0x00007FF68DDD17D6]
	(No symbol) [0x00007FF68DDD09B5]
	(No symbol) [0x00007FF68DDD1F44]
	Microsoft::Applications::Events::EventProperties::SetProperty [0x00007FF68E015520+147088]
	(No symbol) [0x00007FF68DEB91B6]
	Microsoft::Applications::Events::EventProperty::EventProperty [0x00007FF68E054487+33959]
	Microsoft::Applications::Events::EventProperty::EventProperty [0x00007FF68E057F55+49013]
	Microsoft::Applications::Events::ILogManager::DispatchEventBroadcast [0x00007FF68E349923+1305299]
	Microsoft::Applications::Events::EventProperty::EventProperty [0x00007FF68E10AE0C+781868]
	Microsoft::Applications::Events::EventProperty::EventProperty [0x00007FF68E110334+803668]
	Microsoft::Applications::Events::EventProperty::EventProperty [0x00007FF68E11048C+804012]
	Microsoft::Applications::Events::EventProperty::EventProperty [0x00007FF68E118591+837041]
	BaseThreadInitThunk [0x00007FF91CD226BD+29]
	RtlUserThreadStart [0x00007FF91EDEA9F8+40]
">
      <![CDATA[org.openqa.selenium.WebDriverException: disconnected: not connected to DevTools
  (failed to check if window was closed: disconnected: not connected to DevTools)
  (Session info: MicrosoftEdge=112.0.1722.39)
Build info: version: '3.141.59', revision: 'e82be7d358', time: '2018-11-14T08:17:03'
System info: host: 'MUKTA', ip: '192.168.1.2', os.name: 'Windows 11', os.arch: 'amd64', os.version: '10.0', java.version: '17.0.5'
Driver info: driver.version: EdgeDriver
remote stacktrace: Backtrace:
Microsoft::Applications::Events::EventProperties::SetProperty [0x00007FF68E16A5B2+12658]
Microsoft::Applications::Events::EventProperty::EventProperty [0x00007FF68E102852+747634]
(No symbol) [0x00007FF68DD9DD2E]
(No symbol) [0x00007FF68DD87C01]
(No symbol) [0x00007FF68DD89001]
(No symbol) [0x00007FF68DD88F30]
(No symbol) [0x00007FF68DD76202]
(No symbol) [0x00007FF68DD75D7A]
(No symbol) [0x00007FF68DE07316]
(No symbol) [0x00007FF68DDFF1C3]
(No symbol) [0x00007FF68DDD17D6]
(No symbol) [0x00007FF68DDD09B5]
(No symbol) [0x00007FF68DDD1F44]
Microsoft::Applications::Events::EventProperties::SetProperty [0x00007FF68E015520+147088]
(No symbol) [0x00007FF68DEB91B6]
Microsoft::Applications::Events::EventProperty::EventProperty [0x00007FF68E054487+33959]
Microsoft::Applications::Events::EventProperty::EventProperty [0x00007FF68E057F55+49013]
Microsoft::Applications::Events::ILogManager::DispatchEventBroadcast [0x00007FF68E349923+1305299]
Microsoft::Applications::Events::EventProperty::EventProperty [0x00007FF68E10AE0C+781868]
Microsoft::Applications::Events::EventProperty::EventProperty [0x00007FF68E110334+803668]
Microsoft::Applications::Events::EventProperty::EventProperty [0x00007FF68E11048C+804012]
Microsoft::Applications::Events::EventProperty::EventProperty [0x00007FF68E118591+837041]
BaseThreadInitThunk [0x00007FF91CD226BD+29]
RtlUserThreadStart [0x00007FF91EDEA9F8+40]

at org.openqa.selenium.remote.W3CHandshakeResponse.lambda$errorHandler$0(W3CHandshakeResponse.java:62)
at org.openqa.selenium.remote.HandshakeResponse.lambda$getResponseFunction$0(HandshakeResponse.java:30)
at org.openqa.selenium.remote.ProtocolHandshake.lambda$createSession$0(ProtocolHandshake.java:126)
at java.base/java.util.stream.ReferencePipeline$3$1.accept(ReferencePipeline.java:197)
at java.base/java.util.Spliterators$ArraySpliterator.tryAdvance(Spliterators.java:1002)
at java.base/java.util.stream.ReferencePipeline.forEachWithCancel(ReferencePipeline.java:129)
at java.base/java.util.stream.AbstractPipeline.copyIntoWithCancel(AbstractPipeline.java:527)
at java.base/java.util.stream.AbstractPipeline.copyInto(AbstractPipeline.java:513)
at java.base/java.util.stream.AbstractPipeline.wrapAndCopyInto(AbstractPipeline.java:499)
at java.base/java.util.stream.FindOps$FindOp.evaluateSequential(FindOps.java:150)
at java.base/java.util.stream.AbstractPipeline.evaluate(AbstractPipeline.java:234)
at java.base/java.util.stream.ReferencePipeline.findFirst(ReferencePipeline.java:647)
at org.openqa.selenium.remote.ProtocolHandshake.createSession(ProtocolHandshake.java:128)
at org.openqa.selenium.remote.ProtocolHandshake.createSession(ProtocolHandshake.java:74)
at org.openqa.selenium.remote.HttpCommandExecutor.execute(HttpCommandExecutor.java:136)
at org.openqa.selenium.remote.service.DriverCommandExecutor.execute(DriverCommandExecutor.java:83)
at org.openqa.selenium.remote.RemoteWebDriver.execute(RemoteWebDriver.java:552)
at org.openqa.selenium.remote.RemoteWebDriver.startSession(RemoteWebDriver.java:213)
at org.openqa.selenium.remote.RemoteWebDriver.<init>(RemoteWebDriver.java:131)
at org.openqa.selenium.edge.EdgeDriver.<init>(EdgeDriver.java:141)
at org.openqa.selenium.edge.EdgeDriver.<init>(EdgeDriver.java:96)
at browserSetUp.Base.openEdgeBrowser(Base.java:16)
at LivingLiquidztestNg.VerifyHomepageWebelements.openBrowser(VerifyHomepageWebelements.java:40)
at java.base/java.util.concurrent.FutureTask.run(FutureTask.java:264)
at java.base/java.util.concurrent.ThreadPoolExecutor.runWorker(ThreadPoolExecutor.java:1136)
at java.base/java.util.concurrent.ThreadPoolExecutor$Worker.run(ThreadPoolExecutor.java:635)
at java.base/java.lang.Thread.run(Thread.java:833)
... Removed 20 stack frames]]>
    </failure>
  </testcase> <!-- @BeforeTest openBrowser -->
  <testcase classname="LivingLiquidztestNg.VerifySearchbox" name="@BeforeTest openBrowser" time="-1.681315236997E9">
    <skipped/>
  </testcase> <!-- @BeforeTest openBrowser -->
  <testcase classname="LivingLiquidztestNg.VerifySignIn" name="@BeforeTest openBrowser" time="-1.681315237106E9">
    <skipped/>
  </testcase> <!-- @BeforeTest openBrowser -->
  <testcase classname="LivingLiquidztestNg.VerifySignIn" name="@BeforeClass pomPageLaunch" time="-1.68131523728E9">
    <skipped/>
  </testcase> <!-- @BeforeClass pomPageLaunch -->
  <testcase classname="LivingLiquidztestNg.VerifyHomepageWebelements" name="@BeforeClass pomPageLaunch" time="-1.681315237281E9">
    <skipped/>
  </testcase> <!-- @BeforeClass pomPageLaunch -->
  <testcase classname="LivingLiquidztestNg.VerifySignIn" name="@BeforeMethod signInapp" time="-1.681315237305E9">
    <skipped/>
  </testcase> <!-- @BeforeMethod signInapp -->
  <testcase classname="LivingLiquidztestNg.VerifyHomepageWebelements" name="@AfterMethod captureScreenshotinFailure" time="-1.681315237323E9">
    <skipped/>
  </testcase> <!-- @AfterMethod captureScreenshotinFailure -->
  <testcase classname="LivingLiquidztestNg.VerifyHomepageWebelements" name="@AfterMethod captureScreenshotinFailure" time="-1.68131523734E9">
    <skipped/>
  </testcase> <!-- @AfterMethod captureScreenshotinFailure -->
  <testcase classname="LivingLiquidztestNg.VerifyHomepageWebelements" name="@AfterMethod captureScreenshotinFailure" time="-1.681315237407E9">
    <skipped/>
  </testcase> <!-- @AfterMethod captureScreenshotinFailure -->
  <testcase classname="LivingLiquidztestNg.VerifyHomepageWebelements" name="@AfterClass objectClear" time="-1.68131523741E9">
    <skipped/>
  </testcase> <!-- @AfterClass objectClear -->
  <testcase classname="LivingLiquidztestNg.VerifySearchbox" name="@BeforeClass pomPageLaunch" time="-1.681315237429E9">
    <skipped/>
  </testcase> <!-- @BeforeClass pomPageLaunch -->
  <testcase classname="LivingLiquidztestNg.VerifySearchbox" name="@AfterMethod captureScreenshotinFailure" time="-1.681315237439E9">
    <skipped/>
  </testcase> <!-- @AfterMethod captureScreenshotinFailure -->
  <testcase classname="LivingLiquidztestNg.VerifySearchbox" name="@AfterClass objectClear" time="-1.681315237453E9">
    <skipped/>
  </testcase> <!-- @AfterClass objectClear -->
  <testcase classname="LivingLiquidztestNg.VerifySignIn" name="@AfterMethod backTomainPage" time="-1.68131523756E9">
    <skipped/>
  </testcase> <!-- @AfterMethod backTomainPage -->
  <testcase classname="LivingLiquidztestNg.VerifySignIn" name="@BeforeMethod signInapp" time="-1.681315237561E9">
    <skipped/>
  </testcase> <!-- @BeforeMethod signInapp -->
  <testcase classname="LivingLiquidztestNg.VerifySignIn" name="@AfterMethod backTomainPage" time="-1.681315237564E9">
    <skipped/>
  </testcase> <!-- @AfterMethod backTomainPage -->
  <testcase classname="LivingLiquidztestNg.VerifySignIn" name="@AfterClass objectClear" time="-1.681315237565E9">
    <skipped/>
  </testcase> <!-- @AfterClass objectClear -->
  <testcase classname="LivingLiquidztestNg.VerifyHomepageWebelements" name="@AfterTest closeBrowser" time="-1.68131523757E9">
    <skipped/>
  </testcase> <!-- @AfterTest closeBrowser -->
  <testcase classname="LivingLiquidztestNg.VerifySearchbox" name="@AfterTest closeBrowser" time="-1.681315237572E9">
    <skipped/>
  </testcase> <!-- @AfterTest closeBrowser -->
  <testcase classname="LivingLiquidztestNg.VerifySignIn" name="@AfterTest closeBrowser" time="-1.681315237575E9">
    <skipped/>
  </testcase> <!-- @AfterTest closeBrowser -->
  <testcase classname="LivingLiquidztestNg.VerifyHomepageWebelements" name="VerifySignIntext" time="0.0">
    <skipped/>
  </testcase> <!-- VerifySignIntext -->
  <testcase classname="LivingLiquidztestNg.VerifyHomepageWebelements" name="verifyGiftingtext" time="0.0">
    <skipped/>
  </testcase> <!-- verifyGiftingtext -->
  <testcase classname="LivingLiquidztestNg.VerifyHomepageWebelements" name="verifyStoreLocatortext" time="0.0">
    <skipped/>
  </testcase> <!-- verifyStoreLocatortext -->
  <testcase classname="LivingLiquidztestNg.VerifySearchbox" name="verifySearch" time="0.0">
    <skipped/>
  </testcase> <!-- verifySearch -->
  <testcase classname="LivingLiquidztestNg.VerifySignIn" name="verifySignInTitlePage" time="0.0">
    <skipped/>
  </testcase> <!-- verifySignInTitlePage -->
  <testcase classname="LivingLiquidztestNg.VerifySignIn" name="verifySigninError" time="0.0">
    <skipped/>
  </testcase> <!-- verifySigninError -->
</testsuite> <!-- EdgeTest -->
